<?xml version="1.0" encoding="UTF-8"?>
<!-- Generated by org.testng.reporters.JUnitXMLReporter -->
<testsuite ignored="0" hostname="PUN-NB-LE2J1QS" failures="1" tests="3" name="SeleniumProject2.0" time="39.892" errors="0" timestamp="2022-04-29T08:39:40 IST">
  <testcase classname="testng.extendsreport.DefaultReportExample" name="defaultReports1" time="17.047"/>
  <testcase classname="testng.extendsreport.DefaultReportExample" name="defaultReports2" time="9.325">
    <failure type="java.lang.AssertionError" message="The following asserts failed:
	message should google expected [google] but found [Google]">
      <![CDATA[java.lang.AssertionError: The following asserts failed:
message should google expected [google] but found [Google]
at testng.extendsreport.DefaultReportExample.defaultReports2(DefaultReportExample.java:49)
at java.base/java.util.ArrayList.forEach(ArrayList.java:1541)
at com.intellij.rt.testng.IDEARemoteTestNG.run(IDEARemoteTestNG.java:66)
at com.intellij.rt.testng.RemoteTestNGStarter.main(RemoteTestNGStarter.java:109)
... Removed 26 stack frames]]>
    </failure>
  </testcase> <!-- defaultReports2 -->
  <testcase classname="testng.extendsreport.DefaultReportExample" name="defaultReports3" time="10.565"/>
</testsuite> <!-- SeleniumProject2.0 -->
