<?xml version="1.0" encoding="UTF-8"?>
<testng-results ignored="0" total="3" passed="2" failed="1" skipped="0">
  <reporter-output>
  </reporter-output>
  <suite started-at="2022-04-29T08:39:00 IST" name="Default Suite" finished-at="2022-04-29T08:39:40 IST" duration-ms="39892">
    <groups>
    </groups>
    <test started-at="2022-04-29T08:39:00 IST" name="SeleniumProject2.0" finished-at="2022-04-29T08:39:40 IST" duration-ms="39892">
      <class name="testng.extendsreport.DefaultReportExample">
        <test-method is-config="true" signature="beforeTest()[pri:0, instance:testng.extendsreport.DefaultReportExample@3012646b]" started-at="2022-04-29T08:39:00 IST" name="beforeTest" finished-at="2022-04-29T08:39:01 IST" duration-ms="1176" status="PASS">
          <reporter-output>
          </reporter-output>
        </test-method> <!-- beforeTest -->
        <test-method signature="defaultReports1()[pri:0, instance:testng.extendsreport.DefaultReportExample@3012646b]" started-at="2022-04-29T08:39:01 IST" name="defaultReports1" finished-at="2022-04-29T08:39:18 IST" duration-ms="17047" status="PASS">
          <reporter-output>
          </reporter-output>
        </test-method> <!-- defaultReports1 -->
        <test-method signature="defaultReports2()[pri:0, instance:testng.extendsreport.DefaultReportExample@3012646b]" started-at="2022-04-29T08:39:18 IST" name="defaultReports2" finished-at="2022-04-29T08:39:28 IST" duration-ms="9325" status="FAIL">
          <exception class="java.lang.AssertionError">
            <message>
              <![CDATA[The following asserts failed:
message should google expected [google] but found [Google]]]>
            </message>
            <full-stacktrace>
              <![CDATA[java.lang.AssertionError: The following asserts failed:
message should google expected [google] but found [Google]
at org.testng.asserts.SoftAssert.assertAll(SoftAssert.java:46)
at org.testng.asserts.SoftAssert.assertAll(SoftAssert.java:30)
at testng.extendsreport.DefaultReportExample.defaultReports2(DefaultReportExample.java:49)
at java.base/jdk.internal.reflect.NativeMethodAccessorImpl.invoke0(Native Method)
at java.base/jdk.internal.reflect.NativeMethodAccessorImpl.invoke(NativeMethodAccessorImpl.java:62)
at java.base/jdk.internal.reflect.DelegatingMethodAccessorImpl.invoke(DelegatingMethodAccessorImpl.java:43)
at java.base/java.lang.reflect.Method.invoke(Method.java:566)
at org.testng.internal.invokers.MethodInvocationHelper.invokeMethod(MethodInvocationHelper.java:135)
at org.testng.internal.invokers.TestInvoker.invokeMethod(TestInvoker.java:673)
at org.testng.internal.invokers.TestInvoker.invokeTestMethod(TestInvoker.java:220)
at org.testng.internal.invokers.MethodRunner.runInSequence(MethodRunner.java:50)
at org.testng.internal.invokers.TestInvoker$MethodInvocationAgent.invoke(TestInvoker.java:945)
at org.testng.internal.invokers.TestInvoker.invokeTestMethods(TestInvoker.java:193)
at org.testng.internal.invokers.TestMethodWorker.invokeTestMethods(TestMethodWorker.java:146)
at org.testng.internal.invokers.TestMethodWorker.run(TestMethodWorker.java:128)
at java.base/java.util.ArrayList.forEach(ArrayList.java:1541)
at org.testng.TestRunner.privateRun(TestRunner.java:808)
at org.testng.TestRunner.run(TestRunner.java:603)
at org.testng.SuiteRunner.runTest(SuiteRunner.java:429)
at org.testng.SuiteRunner.runSequentially(SuiteRunner.java:423)
at org.testng.SuiteRunner.privateRun(SuiteRunner.java:383)
at org.testng.SuiteRunner.run(SuiteRunner.java:326)
at org.testng.SuiteRunnerWorker.runSuite(SuiteRunnerWorker.java:52)
at org.testng.SuiteRunnerWorker.run(SuiteRunnerWorker.java:95)
at org.testng.TestNG.runSuitesSequentially(TestNG.java:1249)
at org.testng.TestNG.runSuitesLocally(TestNG.java:1169)
at org.testng.TestNG.runSuites(TestNG.java:1092)
at org.testng.TestNG.run(TestNG.java:1060)
at com.intellij.rt.testng.IDEARemoteTestNG.run(IDEARemoteTestNG.java:66)
at com.intellij.rt.testng.RemoteTestNGStarter.main(RemoteTestNGStarter.java:109)
]]>
            </full-stacktrace>
          </exception> <!-- java.lang.AssertionError -->
          <reporter-output>
          </reporter-output>
        </test-method> <!-- defaultReports2 -->
        <test-method signature="defaultReports3()[pri:0, instance:testng.extendsreport.DefaultReportExample@3012646b]" started-at="2022-04-29T08:39:28 IST" name="defaultReports3" finished-at="2022-04-29T08:39:38 IST" duration-ms="10565" status="PASS">
          <reporter-output>
          </reporter-output>
        </test-method> <!-- defaultReports3 -->
        <test-method is-config="true" signature="afterTest()[pri:0, instance:testng.extendsreport.DefaultReportExample@3012646b]" started-at="2022-04-29T08:39:38 IST" name="afterTest" finished-at="2022-04-29T08:39:40 IST" duration-ms="1533" status="PASS">
          <reporter-output>
          </reporter-output>
        </test-method> <!-- afterTest -->
      </class> <!-- testng.extendsreport.DefaultReportExample -->
    </test> <!-- SeleniumProject2.0 -->
  </suite> <!-- Default Suite -->
</testng-results>
